  Building Custom Rule C:/Users/cmore/geant4/geant4-v11.3.2/program_files/share/Geant4/geant4make/SimCCD_Log_Complete/main/CMakeLists.txt
  B02.cc
  B02ActionInitialization.cc
  B02BarHit.cc
  B02BarSD.cc
C:\Users\cmore\geant4\geant4-v11.3.2\program_files\share\Geant4\geant4make\SimCCD_Log_Complete\main\src\B02BarSD.cc(92,19): warning C4267: 'inicializando': conversión de 'size_t' a 'G4int'; posible pérdida de datos
  B02DetectorConstruction.cc
  B02DetectorMessenger.cc
  B02EventAction.cc
C:\Users\cmore\geant4\geant4-v11.3.2\program_files\share\Geant4\geant4make\SimCCD_Log_Complete\main\src\B02EventAction.cc(95,73): warning C4267: '=': conversión de 'size_t' a 'G4int'; posible pérdida de datos
C:\Users\cmore\geant4\geant4-v11.3.2\program_files\share\Geant4\geant4make\SimCCD_Log_Complete\main\src\B02EventAction.cc(110,17): warning C4267: 'inicializando': conversión de 'size_t' a 'G4int'; posible pérdida de datos
  B02PhysicsList.cc
  B02PrimaryGeneratorAction.cc
  B02PrimaryGeneratorMessenger.cc
  B02RunAction.cc
  B02SteppingAction.cc
  B02SteppingVerbose.cc
C:\Users\cmore\geant4\geant4-v11.3.2\program_files\share\Geant4\geant4make\SimCCD_Log_Complete\main\src\B02SteppingVerbose.cc(26,14): warning C4244: 'inicializando': conversión de 'std::streamsize' a 'G4int'; posible pérdida de datos
C:\Users\cmore\geant4\geant4-v11.3.2\program_files\share\Geant4\geant4make\SimCCD_Log_Complete\main\src\B02SteppingVerbose.cc(119,12): warning C4244: 'inicializando': conversión de 'std::streamsize' a 'G4int'; posible pérdida de datos
  GammaNuclearPhysics.cc
  GammaNuclearPhysicsLEND.cc
  HadronElasticPhysicsHP.cc
  NeutronHPMessenger.cc
  PhysListEmStandard.cc
  Generando código...
  b02_executable.vcxproj -> C:\Users\cmore\geant4\geant4-v11.3.2\program_files\share\Geant4\geant4make\SimCCD_Log_Complete\build\Release\b02_executable.exe
